<?xml version="1.0" encoding="UTF-8"?>
<testng-results ignored="0" total="1" passed="1" failed="0" skipped="0">
  <reporter-output>
  </reporter-output>
  <suite started-at="2023-03-21T13:19:07 IST" name="Default suite" finished-at="2023-03-21T13:19:07 IST" duration-ms="40">
    <groups>
    </groups>
    <test started-at="2023-03-21T13:19:07 IST" name="Default test" finished-at="2023-03-21T13:19:07 IST" duration-ms="40">
      <class name="practtice.Practice">
        <test-method signature="run()[pri:0, instance:practtice.Practice@5939a379]" started-at="2023-03-21T13:19:07 IST" name="run" finished-at="2023-03-21T13:19:07 IST" duration-ms="8" status="PASS">
          <reporter-output>
          </reporter-output>
        </test-method> <!-- run -->
      </class> <!-- practtice.Practice -->
    </test> <!-- Default test -->
  </suite> <!-- Default suite -->
</testng-results>
